<?xml version="1.0" encoding="utf-8"?><testsuites name="pytest tests"><testsuite name="pytest" errors="0" failures="0" skipped="0" tests="5" time="0.982" timestamp="2026-07-10T12:39:31.081621+00:00" hostname="agent-env-f2e0672e-904a-493f-a497-decf8febd7c1"><testcase classname="tests.backend_test.TestRoot" name="test_root_returns_message" time="0.240" /><testcase classname="tests.backend_test.TestContact" name="test_create_contact_message_and_persist" time="0.359" /><testcase classname="tests.backend_test.TestContact" name="test_contact_optional_subject" time="0.049" /><testcase classname="tests.backend_test.TestContact" name="test_contact_missing_required_field_returns_422" time="0.047" /><testcase classname="tests.backend_test.TestContact" name="test_get_contact_returns_list_without_mongo_id" time="0.045" /></testsuite></testsuites>